<?xml version="1.0" encoding="UTF-8"?>
<!-- Generated by org.testng.reporters.JUnitXMLReporter -->
<testsuite ignored="0" hostname="DESKTOP-O7UI4S1" failures="0" tests="3" name="testGuru" time="11.943" errors="0" timestamp="2021-05-19T09:01:17 CEST">
  <testcase classname="TestGuru99MultipleSession" name="executeSessionTwo" time="11.781"/>
  <testcase classname="TestGuru99MultipleSession" name="executSessionOne" time="11.785"/>
  <testcase classname="TestGuru99MultipleSession" name="executSessionThree" time="11.806"/>
</testsuite> <!-- testGuru -->
